<?xml version="1.0" encoding="UTF-8"?>
<!-- Generated by org.testng.reporters.JUnitReportReporter -->
<testsuite hostname="DESKTOP-3A7VSBL" failures="0" tests="1" name="cpm.au.test.BasePage.BasePage" time="23.533" errors="0" timestamp="2023-04-19T03:21:23 IST" skipped="0">
  <testcase classname="cpm.au.test.BasePage.BasePage" name="getUrlInstance" time="23.533"/>
  <system-out/>
</testsuite> <!-- cpm.au.test.BasePage.BasePage -->
